2024-09-22 21:17:32,632:INFO:User admin logged in successfully
2024-09-22 21:18:07,551:INFO:Project 'bananna' created by admin
2024-09-23 00:31:56,156:INFO:User jamal registered successfully
2024-09-23 00:32:06,230:INFO:User jamal logged in successfully
2024-09-23 00:34:21,080:INFO:User admin logged in successfully
2024-09-23 00:50:35,259:ERROR:Login error: argument 'hashed_password': 'str' object cannot be converted to 'PyBytes'
2024-09-23 00:50:36,385:ERROR:Login error: argument 'hashed_password': 'str' object cannot be converted to 'PyBytes'
2024-09-23 01:23:21,670:ERROR:Login error: Invalid salt
2024-09-23 01:23:22,595:ERROR:Login error: Invalid salt
2024-09-23 01:23:23,370:ERROR:Login error: Invalid salt
2024-09-23 01:23:52,834:INFO:User admin logged in successfully
2024-09-23 01:38:58,983:INFO:User jamal registered successfully
2024-09-23 01:39:06,011:INFO:User jamal logged in successfully
2024-09-23 01:39:29,515:INFO:User None logged out
2024-09-23 01:39:36,449:INFO:User admin logged in successfully
2024-09-23 01:39:49,338:INFO:Project 'test' created by admin
2024-09-23 01:40:07,459:INFO:Task 'doo daaa' created by admin
2024-09-23 01:40:14,481:INFO:User None logged out
2024-09-23 01:40:22,956:INFO:User jamal logged in successfully
2024-09-23 01:43:40,566:INFO:User admin logged in successfully
2024-09-23 01:45:52,674:INFO:User admin logged in successfully
2024-09-23 01:46:28,926:INFO:User admin logged in successfully
